{"/Users/dan/Documents/GitHub/array-of-sunshine--react/src/index.js": {"path":"/Users/dan/Documents/GitHub/array-of-sunshine--react/src/index.js","statementMap":{"0":{"start":{"line":11,"column":15},"end":{"line":29,"column":2}},"1":{"start":{"line":31,"column":13},"end":{"line":31,"column":65}},"2":{"start":{"line":32,"column":0},"end":{"line":36,"column":2}},"3":{"start":{"line":38,"column":0},"end":{"line":38,"column":18}}},"fnMap":{},"branchMap":{},"s":{"0":0,"1":0,"2":0,"3":0},"f":{},"b":{}}
,"/Users/dan/Documents/GitHub/array-of-sunshine--react/src/reportWebVitals.js": {"path":"/Users/dan/Documents/GitHub/array-of-sunshine--react/src/reportWebVitals.js","statementMap":{"0":{"start":{"line":1,"column":24},"end":{"line":11,"column":1}},"1":{"start":{"line":2,"column":2},"end":{"line":10,"column":3}},"2":{"start":{"line":3,"column":4},"end":{"line":9,"column":7}},"3":{"start":{"line":4,"column":6},"end":{"line":4,"column":26}},"4":{"start":{"line":5,"column":6},"end":{"line":5,"column":26}},"5":{"start":{"line":6,"column":6},"end":{"line":6,"column":26}},"6":{"start":{"line":7,"column":6},"end":{"line":7,"column":26}},"7":{"start":{"line":8,"column":6},"end":{"line":8,"column":27}}},"fnMap":{"0":{"name":"(anonymous_0)","decl":{"start":{"line":1,"column":24},"end":{"line":1,"column":25}},"loc":{"start":{"line":1,"column":39},"end":{"line":11,"column":1}},"line":1},"1":{"name":"(anonymous_1)","decl":{"start":{"line":3,"column":30},"end":{"line":3,"column":31}},"loc":{"start":{"line":3,"column":79},"end":{"line":9,"column":5}},"line":3}},"branchMap":{"0":{"loc":{"start":{"line":2,"column":2},"end":{"line":10,"column":3}},"type":"if","locations":[{"start":{"line":2,"column":2},"end":{"line":10,"column":3}},{"start":{},"end":{}}],"line":2},"1":{"loc":{"start":{"line":2,"column":6},"end":{"line":2,"column":52}},"type":"binary-expr","locations":[{"start":{"line":2,"column":6},"end":{"line":2,"column":17}},{"start":{"line":2,"column":21},"end":{"line":2,"column":52}}],"line":2}},"s":{"0":0,"1":0,"2":0,"3":0,"4":0,"5":0,"6":0,"7":0},"f":{"0":0,"1":0},"b":{"0":[0,0],"1":[0,0]}}
,"/Users/dan/Documents/GitHub/array-of-sunshine--react/src/Components/ArticleComponent.js": {"path":"/Users/dan/Documents/GitHub/array-of-sunshine--react/src/Components/ArticleComponent.js","statementMap":{"0":{"start":{"line":5,"column":2},"end":{"line":8,"column":5}},"1":{"start":{"line":10,"column":2},"end":{"line":17,"column":4}}},"fnMap":{"0":{"name":"ArticleComponent","decl":{"start":{"line":4,"column":9},"end":{"line":4,"column":25}},"loc":{"start":{"line":4,"column":39},"end":{"line":18,"column":1}},"line":4}},"branchMap":{},"s":{"0":0,"1":0},"f":{"0":0},"b":{}}
,"/Users/dan/Documents/GitHub/array-of-sunshine--react/src/Components/ArticlePreviews.js": {"path":"/Users/dan/Documents/GitHub/array-of-sunshine--react/src/Components/ArticlePreviews.js","statementMap":{"0":{"start":{"line":4,"column":24},"end":{"line":41,"column":1}},"1":{"start":{"line":5,"column":2},"end":{"line":40,"column":4}},"2":{"start":{"line":8,"column":26},"end":{"line":8,"column":53}},"3":{"start":{"line":9,"column":25},"end":{"line":9,"column":57}},"4":{"start":{"line":10,"column":8},"end":{"line":37,"column":10}}},"fnMap":{"0":{"name":"(anonymous_0)","decl":{"start":{"line":4,"column":24},"end":{"line":4,"column":25}},"loc":{"start":{"line":4,"column":35},"end":{"line":41,"column":1}},"line":4},"1":{"name":"(anonymous_1)","decl":{"start":{"line":7,"column":26},"end":{"line":7,"column":27}},"loc":{"start":{"line":7,"column":39},"end":{"line":38,"column":7}},"line":7}},"branchMap":{},"s":{"0":0,"1":0,"2":0,"3":0,"4":0},"f":{"0":0,"1":0},"b":{}}
,"/Users/dan/Documents/GitHub/array-of-sunshine--react/src/Components/Footer.js": {"path":"/Users/dan/Documents/GitHub/array-of-sunshine--react/src/Components/Footer.js","statementMap":{"0":{"start":{"line":3,"column":26},"end":{"line":5,"column":1}},"1":{"start":{"line":4,"column":2},"end":{"line":4,"column":50}},"2":{"start":{"line":8,"column":2},"end":{"line":31,"column":4}}},"fnMap":{"0":{"name":"(anonymous_0)","decl":{"start":{"line":3,"column":26},"end":{"line":3,"column":27}},"loc":{"start":{"line":3,"column":32},"end":{"line":5,"column":1}},"line":3},"1":{"name":"Footer","decl":{"start":{"line":7,"column":9},"end":{"line":7,"column":15}},"loc":{"start":{"line":7,"column":18},"end":{"line":32,"column":1}},"line":7}},"branchMap":{},"s":{"0":0,"1":0,"2":0},"f":{"0":0,"1":0},"b":{}}
,"/Users/dan/Documents/GitHub/array-of-sunshine--react/src/Components/Header.js": {"path":"/Users/dan/Documents/GitHub/array-of-sunshine--react/src/Components/Header.js","statementMap":{"0":{"start":{"line":6,"column":2},"end":{"line":31,"column":4}}},"fnMap":{"0":{"name":"Header","decl":{"start":{"line":5,"column":9},"end":{"line":5,"column":15}},"loc":{"start":{"line":5,"column":18},"end":{"line":32,"column":1}},"line":5}},"branchMap":{},"s":{"0":0},"f":{"0":0},"b":{}}
,"/Users/dan/Documents/GitHub/array-of-sunshine--react/src/Components/MarkdownRenderer.js": {"path":"/Users/dan/Documents/GitHub/array-of-sunshine--react/src/Components/MarkdownRenderer.js","statementMap":{"0":{"start":{"line":7,"column":2},"end":{"line":24,"column":4}},"1":{"start":{"line":12,"column":57},"end":{"line":12,"column":62}},"2":{"start":{"line":13,"column":24},"end":{"line":13,"column":62}},"3":{"start":{"line":14,"column":10},"end":{"line":20,"column":12}}},"fnMap":{"0":{"name":"MarkdownRenderer","decl":{"start":{"line":6,"column":9},"end":{"line":6,"column":25}},"loc":{"start":{"line":6,"column":40},"end":{"line":25,"column":1}},"line":6},"1":{"name":"(anonymous_1)","decl":{"start":{"line":11,"column":8},"end":{"line":11,"column":9}},"loc":{"start":{"line":11,"column":20},"end":{"line":21,"column":9}},"line":11}},"branchMap":{"0":{"loc":{"start":{"line":13,"column":46},"end":{"line":13,"column":61}},"type":"binary-expr","locations":[{"start":{"line":13,"column":46},"end":{"line":13,"column":55}},{"start":{"line":13,"column":59},"end":{"line":13,"column":61}}],"line":13},"1":{"loc":{"start":{"line":14,"column":17},"end":{"line":20,"column":11}},"type":"cond-expr","locations":[{"start":{"line":15,"column":12},"end":{"line":15,"column":160}},{"start":{"line":17,"column":12},"end":{"line":19,"column":19}}],"line":14}},"s":{"0":0,"1":0,"2":0,"3":0},"f":{"0":0,"1":0},"b":{"0":[0,0],"1":[0,0]}}
,"/Users/dan/Documents/GitHub/array-of-sunshine--react/src/Components/Pagination.js": {"path":"/Users/dan/Documents/GitHub/array-of-sunshine--react/src/Components/Pagination.js","statementMap":{"0":{"start":{"line":5,"column":23},"end":{"line":7,"column":3}},"1":{"start":{"line":6,"column":4},"end":{"line":6,"column":71}},"2":{"start":{"line":6,"column":39},"end":{"line":6,"column":71}},"3":{"start":{"line":9,"column":23},"end":{"line":11,"column":3}},"4":{"start":{"line":10,"column":4},"end":{"line":10,"column":59}},"5":{"start":{"line":10,"column":27},"end":{"line":10,"column":59}},"6":{"start":{"line":13,"column":2},"end":{"line":35,"column":4}}},"fnMap":{"0":{"name":"Pagination","decl":{"start":{"line":4,"column":9},"end":{"line":4,"column":19}},"loc":{"start":{"line":4,"column":68},"end":{"line":36,"column":1}},"line":4},"1":{"name":"(anonymous_1)","decl":{"start":{"line":5,"column":23},"end":{"line":5,"column":24}},"loc":{"start":{"line":5,"column":29},"end":{"line":7,"column":3}},"line":5},"2":{"name":"(anonymous_2)","decl":{"start":{"line":9,"column":23},"end":{"line":9,"column":24}},"loc":{"start":{"line":9,"column":29},"end":{"line":11,"column":3}},"line":9}},"branchMap":{"0":{"loc":{"start":{"line":6,"column":4},"end":{"line":6,"column":71}},"type":"if","locations":[{"start":{"line":6,"column":4},"end":{"line":6,"column":71}},{"start":{},"end":{}}],"line":6},"1":{"loc":{"start":{"line":10,"column":4},"end":{"line":10,"column":59}},"type":"if","locations":[{"start":{"line":10,"column":4},"end":{"line":10,"column":59}},{"start":{},"end":{}}],"line":10},"2":{"loc":{"start":{"line":19,"column":9},"end":{"line":25,"column":9}},"type":"binary-expr","locations":[{"start":{"line":19,"column":9},"end":{"line":19,"column":24}},{"start":{"line":20,"column":10},"end":{"line":24,"column":15}}],"line":19},"3":{"loc":{"start":{"line":26,"column":9},"end":{"line":32,"column":9}},"type":"binary-expr","locations":[{"start":{"line":26,"column":9},"end":{"line":26,"column":36}},{"start":{"line":27,"column":10},"end":{"line":31,"column":15}}],"line":26}},"s":{"0":0,"1":0,"2":0,"3":0,"4":0,"5":0,"6":0},"f":{"0":0,"1":0,"2":0},"b":{"0":[0,0],"1":[0,0],"2":[0,0],"3":[0,0]}}
,"/Users/dan/Documents/GitHub/array-of-sunshine--react/src/Components/SearchField.js": {"path":"/Users/dan/Documents/GitHub/array-of-sunshine--react/src/Components/SearchField.js","statementMap":{"0":{"start":{"line":4,"column":2},"end":{"line":11,"column":4}}},"fnMap":{"0":{"name":"SearchField","decl":{"start":{"line":3,"column":9},"end":{"line":3,"column":20}},"loc":{"start":{"line":3,"column":23},"end":{"line":12,"column":1}},"line":3}},"branchMap":{},"s":{"0":0},"f":{"0":0},"b":{}}
,"/Users/dan/Documents/GitHub/array-of-sunshine--react/src/Components/SideBar.js": {"path":"/Users/dan/Documents/GitHub/array-of-sunshine--react/src/Components/SideBar.js","statementMap":{"0":{"start":{"line":7,"column":2},"end":{"line":28,"column":4}},"1":{"start":{"line":31,"column":0},"end":{"line":34,"column":2}}},"fnMap":{"0":{"name":"SideBar","decl":{"start":{"line":6,"column":9},"end":{"line":6,"column":16}},"loc":{"start":{"line":6,"column":24},"end":{"line":29,"column":1}},"line":6}},"branchMap":{},"s":{"0":0,"1":0},"f":{"0":0},"b":{}}
,"/Users/dan/Documents/GitHub/array-of-sunshine--react/src/Components/Tags.js": {"path":"/Users/dan/Documents/GitHub/array-of-sunshine--react/src/Components/Tags.js","statementMap":{"0":{"start":{"line":6,"column":2},"end":{"line":27,"column":4}},"1":{"start":{"line":11,"column":12},"end":{"line":13,"column":17}},"2":{"start":{"line":20,"column":12},"end":{"line":22,"column":17}},"3":{"start":{"line":30,"column":0},"end":{"line":32,"column":2}}},"fnMap":{"0":{"name":"Tags","decl":{"start":{"line":5,"column":9},"end":{"line":5,"column":13}},"loc":{"start":{"line":5,"column":21},"end":{"line":28,"column":1}},"line":5},"1":{"name":"(anonymous_1)","decl":{"start":{"line":10,"column":31},"end":{"line":10,"column":32}},"loc":{"start":{"line":11,"column":12},"end":{"line":13,"column":17}},"line":11},"2":{"name":"(anonymous_2)","decl":{"start":{"line":19,"column":33},"end":{"line":19,"column":34}},"loc":{"start":{"line":20,"column":12},"end":{"line":22,"column":17}},"line":20}},"branchMap":{"0":{"loc":{"start":{"line":8,"column":7},"end":{"line":16,"column":7}},"type":"binary-expr","locations":[{"start":{"line":8,"column":7},"end":{"line":8,"column":22}},{"start":{"line":9,"column":8},"end":{"line":15,"column":13}}],"line":8},"1":{"loc":{"start":{"line":17,"column":7},"end":{"line":25,"column":7}},"type":"binary-expr","locations":[{"start":{"line":17,"column":7},"end":{"line":17,"column":24}},{"start":{"line":18,"column":8},"end":{"line":24,"column":13}}],"line":17}},"s":{"0":0,"1":0,"2":0,"3":0},"f":{"0":0,"1":0,"2":0},"b":{"0":[0,0],"1":[0,0]}}
,"/Users/dan/Documents/GitHub/array-of-sunshine--react/src/pages/About.js": {"path":"/Users/dan/Documents/GitHub/array-of-sunshine--react/src/pages/About.js","statementMap":{"0":{"start":{"line":7,"column":2},"end":{"line":9,"column":9}},"1":{"start":{"line":8,"column":4},"end":{"line":8,"column":113}},"2":{"start":{"line":11,"column":20},"end":{"line":11,"column":59}},"3":{"start":{"line":13,"column":2},"end":{"line":25,"column":4}}},"fnMap":{"0":{"name":"About","decl":{"start":{"line":6,"column":9},"end":{"line":6,"column":14}},"loc":{"start":{"line":6,"column":17},"end":{"line":26,"column":1}},"line":6},"1":{"name":"(anonymous_1)","decl":{"start":{"line":7,"column":12},"end":{"line":7,"column":13}},"loc":{"start":{"line":7,"column":18},"end":{"line":9,"column":3}},"line":7}},"branchMap":{},"s":{"0":0,"1":0,"2":0,"3":0},"f":{"0":0,"1":0},"b":{}}
,"/Users/dan/Documents/GitHub/array-of-sunshine--react/src/pages/ArticlePage.js": {"path":"/Users/dan/Documents/GitHub/array-of-sunshine--react/src/pages/ArticlePage.js","statementMap":{"0":{"start":{"line":11,"column":32},"end":{"line":11,"column":46}},"1":{"start":{"line":12,"column":28},"end":{"line":12,"column":42}},"2":{"start":{"line":13,"column":19},"end":{"line":13,"column":30}},"3":{"start":{"line":15,"column":2},"end":{"line":31,"column":13}},"4":{"start":{"line":16,"column":24},"end":{"line":28,"column":5}},"5":{"start":{"line":17,"column":6},"end":{"line":27,"column":7}},"6":{"start":{"line":18,"column":32},"end":{"line":18,"column":81}},"7":{"start":{"line":18,"column":59},"end":{"line":18,"column":80}},"8":{"start":{"line":19,"column":8},"end":{"line":21,"column":9}},"9":{"start":{"line":20,"column":10},"end":{"line":20,"column":47}},"10":{"start":{"line":22,"column":8},"end":{"line":22,"column":36}},"11":{"start":{"line":23,"column":8},"end":{"line":23,"column":136}},"12":{"start":{"line":25,"column":8},"end":{"line":25,"column":24}},"13":{"start":{"line":26,"column":8},"end":{"line":26,"column":27}},"14":{"start":{"line":30,"column":4},"end":{"line":30,"column":18}},"15":{"start":{"line":33,"column":2},"end":{"line":43,"column":4}}},"fnMap":{"0":{"name":"ArticlePage","decl":{"start":{"line":10,"column":9},"end":{"line":10,"column":20}},"loc":{"start":{"line":10,"column":23},"end":{"line":44,"column":1}},"line":10},"1":{"name":"(anonymous_1)","decl":{"start":{"line":15,"column":12},"end":{"line":15,"column":13}},"loc":{"start":{"line":15,"column":18},"end":{"line":31,"column":3}},"line":15},"2":{"name":"(anonymous_2)","decl":{"start":{"line":16,"column":24},"end":{"line":16,"column":25}},"loc":{"start":{"line":16,"column":36},"end":{"line":28,"column":5}},"line":16},"3":{"name":"(anonymous_3)","decl":{"start":{"line":18,"column":46},"end":{"line":18,"column":47}},"loc":{"start":{"line":18,"column":59},"end":{"line":18,"column":80}},"line":18}},"branchMap":{"0":{"loc":{"start":{"line":19,"column":8},"end":{"line":21,"column":9}},"type":"if","locations":[{"start":{"line":19,"column":8},"end":{"line":21,"column":9}},{"start":{},"end":{}}],"line":19},"1":{"loc":{"start":{"line":37,"column":9},"end":{"line":37,"column":58}},"type":"binary-expr","locations":[{"start":{"line":37,"column":9},"end":{"line":37,"column":16}},{"start":{"line":37,"column":20},"end":{"line":37,"column":58}}],"line":37},"2":{"loc":{"start":{"line":38,"column":9},"end":{"line":38,"column":58}},"type":"binary-expr","locations":[{"start":{"line":38,"column":9},"end":{"line":38,"column":16}},{"start":{"line":38,"column":20},"end":{"line":38,"column":58}}],"line":38}},"s":{"0":0,"1":0,"2":0,"3":0,"4":0,"5":0,"6":0,"7":0,"8":0,"9":0,"10":0,"11":0,"12":0,"13":0,"14":0,"15":0},"f":{"0":0,"1":0,"2":0,"3":0},"b":{"0":[0,0],"1":[0,0],"2":[0,0]}}
,"/Users/dan/Documents/GitHub/array-of-sunshine--react/src/pages/Home.js": {"path":"/Users/dan/Documents/GitHub/array-of-sunshine--react/src/pages/Home.js","statementMap":{"0":{"start":{"line":13,"column":48},"end":{"line":13,"column":60}},"1":{"start":{"line":14,"column":32},"end":{"line":14,"column":46}},"2":{"start":{"line":16,"column":2},"end":{"line":22,"column":9}},"3":{"start":{"line":17,"column":22},"end":{"line":20,"column":5}},"4":{"start":{"line":18,"column":6},"end":{"line":18,"column":35}},"5":{"start":{"line":19,"column":6},"end":{"line":19,"column":24}},"6":{"start":{"line":21,"column":4},"end":{"line":21,"column":16}},"7":{"start":{"line":24,"column":40},"end":{"line":24,"column":51}},"8":{"start":{"line":25,"column":28},"end":{"line":25,"column":39}},"9":{"start":{"line":26,"column":29},"end":{"line":26,"column":58}},"10":{"start":{"line":27,"column":30},"end":{"line":27,"column":66}},"11":{"start":{"line":28,"column":26},"end":{"line":28,"column":88}},"12":{"start":{"line":29,"column":24},"end":{"line":29,"column":75}},"13":{"start":{"line":31,"column":2},"end":{"line":34,"column":20}},"14":{"start":{"line":32,"column":16},"end":{"line":32,"column":155}},"15":{"start":{"line":33,"column":4},"end":{"line":33,"column":27}},"16":{"start":{"line":36,"column":2},"end":{"line":44,"column":4}}},"fnMap":{"0":{"name":"Home","decl":{"start":{"line":8,"column":9},"end":{"line":8,"column":13}},"loc":{"start":{"line":8,"column":16},"end":{"line":45,"column":1}},"line":8},"1":{"name":"(anonymous_1)","decl":{"start":{"line":16,"column":12},"end":{"line":16,"column":13}},"loc":{"start":{"line":16,"column":18},"end":{"line":22,"column":3}},"line":16},"2":{"name":"(anonymous_2)","decl":{"start":{"line":17,"column":22},"end":{"line":17,"column":23}},"loc":{"start":{"line":17,"column":34},"end":{"line":20,"column":5}},"line":17},"3":{"name":"(anonymous_3)","decl":{"start":{"line":31,"column":12},"end":{"line":31,"column":13}},"loc":{"start":{"line":31,"column":18},"end":{"line":34,"column":3}},"line":31}},"branchMap":{"0":{"loc":{"start":{"line":32,"column":19},"end":{"line":32,"column":69}},"type":"cond-expr","locations":[{"start":{"line":32,"column":39},"end":{"line":32,"column":45}},{"start":{"line":32,"column":48},"end":{"line":32,"column":69}}],"line":32}},"s":{"0":0,"1":0,"2":0,"3":0,"4":0,"5":0,"6":0,"7":0,"8":0,"9":0,"10":0,"11":0,"12":0,"13":0,"14":0,"15":0,"16":0},"f":{"0":0,"1":0,"2":0,"3":0},"b":{"0":[0,0]}}
,"/Users/dan/Documents/GitHub/array-of-sunshine--react/src/pages/NotFound.js": {"path":"/Users/dan/Documents/GitHub/array-of-sunshine--react/src/pages/NotFound.js","statementMap":{"0":{"start":{"line":8,"column":2},"end":{"line":10,"column":9}},"1":{"start":{"line":9,"column":4},"end":{"line":9,"column":117}},"2":{"start":{"line":12,"column":19},"end":{"line":12,"column":32}},"3":{"start":{"line":17,"column":2},"end":{"line":20,"column":5}},"4":{"start":{"line":22,"column":20},"end":{"line":22,"column":59}},"5":{"start":{"line":24,"column":2},"end":{"line":49,"column":4}},"6":{"start":{"line":34,"column":44},"end":{"line":34,"column":56}}},"fnMap":{"0":{"name":"NotFound","decl":{"start":{"line":7,"column":9},"end":{"line":7,"column":17}},"loc":{"start":{"line":7,"column":20},"end":{"line":50,"column":1}},"line":7},"1":{"name":"(anonymous_1)","decl":{"start":{"line":8,"column":12},"end":{"line":8,"column":13}},"loc":{"start":{"line":8,"column":18},"end":{"line":10,"column":3}},"line":8},"2":{"name":"(anonymous_2)","decl":{"start":{"line":34,"column":38},"end":{"line":34,"column":39}},"loc":{"start":{"line":34,"column":44},"end":{"line":34,"column":56}},"line":34}},"branchMap":{},"s":{"0":0,"1":0,"2":0,"3":0,"4":0,"5":0,"6":0},"f":{"0":0,"1":0,"2":0},"b":{}}
}
